[14125:259:1117/162802.752459:INFO:CONSOLE(0)] "[DOM] Found 2 elements with non-unique id #regist_tenpo_del_id: (More info: https://goo.gl/9p2vKq) %o %o", source: https://www.edion.com/index.html?_rt=8ViuLsibTqRrxJUXf66gbngY9Y0mKRafyrLqM6Mo7c (0)
[14125:259:1117/162802.752702:INFO:CONSOLE(0)] "[DOM] Found 2 elements with non-unique id #usetenpo_delete_form: (More info: https://goo.gl/9p2vKq) %o %o", source: https://www.edion.com/index.html?_rt=8ViuLsibTqRrxJUXf66gbngY9Y0mKRafyrLqM6Mo7c (0)
[14125:259:1117/162803.189386:INFO:CONSOLE(23)] "Unrecognized feature: 'conversion-measurement'.", source: https://www.googleadservices.com/pagead/conversion_async.js (23)
[14125:259:1117/162809.222069:INFO:CONSOLE(23)] "Unrecognized feature: 'conversion-measurement'.", source: https://www.googleadservices.com/pagead/conversion_async.js (23)
[14125:259:1117/162809.561786:INFO:CONSOLE(0)] "[DOM] Found 2 elements with non-unique id #regist_tenpo_del_id: (More info: https://goo.gl/9p2vKq) %o %o", source: https://www.edion.com/item_list.html?keyword=0 (0)
[14125:259:1117/162809.561853:INFO:CONSOLE(0)] "[DOM] Found 2 elements with non-unique id #usetenpo_delete_form: (More info: https://goo.gl/9p2vKq) %o %o", source: https://www.edion.com/item_list.html?keyword=0 (0)
[14125:259:1117/162812.632754:INFO:CONSOLE(23)] "Unrecognized feature: 'conversion-measurement'.", source: https://www.googleadservices.com/pagead/conversion_async.js (23)
[14125:259:1117/162813.132951:INFO:CONSOLE(0)] "[DOM] Found 2 elements with non-unique id #regist_tenpo_del_id: (More info: https://goo.gl/9p2vKq) %o %o", source: https://www.edion.com/item_list.html?keyword=4988617139688 (0)
[14125:259:1117/162813.133015:INFO:CONSOLE(0)] "[DOM] Found 2 elements with non-unique id #usetenpo_delete_form: (More info: https://goo.gl/9p2vKq) %o %o", source: https://www.edion.com/item_list.html?keyword=4988617139688 (0)
[14125:259:1117/162814.574909:INFO:CONSOLE(1998)] "Uncaught SyntaxError: Unexpected token ','", source: https://www.edion.com/item_list.html?keyword=4549292149739 (1998)
[14125:259:1117/162814.665410:INFO:CONSOLE(0)] "[DOM] Found 2 elements with non-unique id #regist_tenpo_del_id: (More info: https://goo.gl/9p2vKq) %o %o", source: https://www.edion.com/item_list.html?keyword=4549292149739 (0)
[14125:259:1117/162814.665497:INFO:CONSOLE(0)] "[DOM] Found 2 elements with non-unique id #usetenpo_delete_form: (More info: https://goo.gl/9p2vKq) %o %o", source: https://www.edion.com/item_list.html?keyword=4549292149739 (0)
[14125:259:1117/162814.767723:INFO:CONSOLE(23)] "Unrecognized feature: 'conversion-measurement'.", source: https://www.googleadservices.com/pagead/conversion_async.js (23)
[14125:259:1117/162817.072588:INFO:CONSOLE(23)] "Unrecognized feature: 'conversion-measurement'.", source: https://www.googleadservices.com/pagead/conversion_async.js (23)
[14125:259:1117/162817.274229:INFO:CONSOLE(1998)] "Uncaught SyntaxError: Unexpected token ','", source: https://www.edion.com/item_list.html?keyword=4549292149821 (1998)
[14125:259:1117/162817.339451:INFO:CONSOLE(0)] "[DOM] Found 2 elements with non-unique id #regist_tenpo_del_id: (More info: https://goo.gl/9p2vKq) %o %o", source: https://www.edion.com/item_list.html?keyword=4549292149821 (0)
[14125:259:1117/162817.339516:INFO:CONSOLE(0)] "[DOM] Found 2 elements with non-unique id #usetenpo_delete_form: (More info: https://goo.gl/9p2vKq) %o %o", source: https://www.edion.com/item_list.html?keyword=4549292149821 (0)
[14125:259:1117/162818.676125:INFO:CONSOLE(23)] "Unrecognized feature: 'conversion-measurement'.", source: https://www.googleadservices.com/pagead/conversion_async.js (23)
[14125:259:1117/162818.874359:INFO:CONSOLE(1998)] "Uncaught SyntaxError: Unexpected token ','", source: https://www.edion.com/item_list.html?keyword=4580616840017 (1998)
[14125:259:1117/162818.956208:INFO:CONSOLE(0)] "[DOM] Found 2 elements with non-unique id #regist_tenpo_del_id: (More info: https://goo.gl/9p2vKq) %o %o", source: https://www.edion.com/item_list.html?keyword=4580616840017 (0)
[14125:259:1117/162818.956273:INFO:CONSOLE(0)] "[DOM] Found 2 elements with non-unique id #usetenpo_delete_form: (More info: https://goo.gl/9p2vKq) %o %o", source: https://www.edion.com/item_list.html?keyword=4580616840017 (0)
[14125:259:1117/162820.387296:INFO:CONSOLE(23)] "Unrecognized feature: 'conversion-measurement'.", source: https://www.googleadservices.com/pagead/conversion_async.js (23)
[14125:259:1117/162820.591247:INFO:CONSOLE(1998)] "Uncaught SyntaxError: Unexpected token ','", source: https://www.edion.com/item_list.html?keyword=4988755058384 (1998)
[14125:259:1117/162820.651042:INFO:CONSOLE(0)] "[DOM] Found 2 elements with non-unique id #regist_tenpo_del_id: (More info: https://goo.gl/9p2vKq) %o %o", source: https://www.edion.com/item_list.html?keyword=4988755058384 (0)
[14125:259:1117/162820.651120:INFO:CONSOLE(0)] "[DOM] Found 2 elements with non-unique id #usetenpo_delete_form: (More info: https://goo.gl/9p2vKq) %o %o", source: https://www.edion.com/item_list.html?keyword=4988755058384 (0)
[14125:259:1117/162821.887492:INFO:CONSOLE(23)] "Unrecognized feature: 'conversion-measurement'.", source: https://www.googleadservices.com/pagead/conversion_async.js (23)
[14125:259:1117/162822.132832:INFO:CONSOLE(1998)] "Uncaught SyntaxError: Unexpected token ','", source: https://www.edion.com/item_list.html?keyword=791405780276 (1998)
[14125:259:1117/162822.198248:INFO:CONSOLE(0)] "[DOM] Found 2 elements with non-unique id #regist_tenpo_del_id: (More info: https://goo.gl/9p2vKq) %o %o", source: https://www.edion.com/item_list.html?keyword=791405780276 (0)
[14125:259:1117/162822.198316:INFO:CONSOLE(0)] "[DOM] Found 2 elements with non-unique id #usetenpo_delete_form: (More info: https://goo.gl/9p2vKq) %o %o", source: https://www.edion.com/item_list.html?keyword=791405780276 (0)
[14125:259:1117/162823.907572:INFO:CONSOLE(1998)] "Uncaught SyntaxError: Unexpected token ','", source: https://www.edion.com/item_list.html?keyword=4981254052488 (1998)
[14125:259:1117/162823.983156:INFO:CONSOLE(0)] "[DOM] Found 2 elements with non-unique id #regist_tenpo_del_id: (More info: https://goo.gl/9p2vKq) %o %o", source: https://www.edion.com/item_list.html?keyword=4981254052488 (0)
[14125:259:1117/162823.983225:INFO:CONSOLE(0)] "[DOM] Found 2 elements with non-unique id #usetenpo_delete_form: (More info: https://goo.gl/9p2vKq) %o %o", source: https://www.edion.com/item_list.html?keyword=4981254052488 (0)
[14125:259:1117/162824.109577:INFO:CONSOLE(23)] "Unrecognized feature: 'conversion-measurement'.", source: https://www.googleadservices.com/pagead/conversion_async.js (23)
[14125:259:1117/162826.346392:INFO:CONSOLE(23)] "Unrecognized feature: 'conversion-measurement'.", source: https://www.googleadservices.com/pagead/conversion_async.js (23)
[14125:259:1117/162826.798779:INFO:CONSOLE(0)] "[DOM] Found 2 elements with non-unique id #regist_tenpo_del_id: (More info: https://goo.gl/9p2vKq) %o %o", source: https://www.edion.com/item_list.html?keyword=0 (0)
[14125:259:1117/162826.798847:INFO:CONSOLE(0)] "[DOM] Found 2 elements with non-unique id #usetenpo_delete_form: (More info: https://goo.gl/9p2vKq) %o %o", source: https://www.edion.com/item_list.html?keyword=0 (0)
[14125:259:1117/162828.783105:INFO:CONSOLE(23)] "Unrecognized feature: 'conversion-measurement'.", source: https://www.googleadservices.com/pagead/conversion_async.js (23)
[14125:259:1117/162828.990889:INFO:CONSOLE(1998)] "Uncaught SyntaxError: Unexpected token ','", source: https://www.edion.com/item_list.html?keyword=4988755057660 (1998)
[14125:259:1117/162829.072757:INFO:CONSOLE(0)] "[DOM] Found 2 elements with non-unique id #regist_tenpo_del_id: (More info: https://goo.gl/9p2vKq) %o %o", source: https://www.edion.com/item_list.html?keyword=4988755057660 (0)
[14125:259:1117/162829.072897:INFO:CONSOLE(0)] "[DOM] Found 2 elements with non-unique id #usetenpo_delete_form: (More info: https://goo.gl/9p2vKq) %o %o", source: https://www.edion.com/item_list.html?keyword=4988755057660 (0)
[14125:259:1117/162835.160302:INFO:CONSOLE(7)] "Synchronous XMLHttpRequest on the main thread is deprecated because of its detrimental effects to the end user's experience. For more help, check https://xhr.spec.whatwg.org/.", source: https://kojima-f-s.snva.jp/js/naviplus_suggest.js (7)
[14125:36099:1117/162835.454500:ERROR:chrome_browser_main_extra_parts_metrics.cc(230)] crbug.com/1216328: Checking Bluetooth availability started. Please report if there is no report that this ends.
[14125:36099:1117/162835.455293:ERROR:chrome_browser_main_extra_parts_metrics.cc(233)] crbug.com/1216328: Checking Bluetooth availability ended.
[14125:36099:1117/162835.455318:ERROR:chrome_browser_main_extra_parts_metrics.cc(236)] crbug.com/1216328: Checking default browser status started. Please report if there is no report that this ends.
[14125:36099:1117/162835.456242:ERROR:chrome_browser_main_extra_parts_metrics.cc(240)] crbug.com/1216328: Checking default browser status ended.
[14125:259:1117/162839.168684:INFO:CONSOLE(7)] "Synchronous XMLHttpRequest on the main thread is deprecated because of its detrimental effects to the end user's experience. For more help, check https://xhr.spec.whatwg.org/.", source: https://kojima-f-s.snva.jp/js/naviplus_suggest.js (7)
[14125:259:1117/162840.720242:INFO:CONSOLE(7)] "Synchronous XMLHttpRequest on the main thread is deprecated because of its detrimental effects to the end user's experience. For more help, check https://xhr.spec.whatwg.org/.", source: https://kojima-f-s.snva.jp/js/naviplus_suggest.js (7)
[14125:259:1117/162841.951490:INFO:CONSOLE(7)] "Synchronous XMLHttpRequest on the main thread is deprecated because of its detrimental effects to the end user's experience. For more help, check https://xhr.spec.whatwg.org/.", source: https://kojima-f-s.snva.jp/js/naviplus_suggest.js (7)
[14125:259:1117/162843.041884:INFO:CONSOLE(7)] "Synchronous XMLHttpRequest on the main thread is deprecated because of its detrimental effects to the end user's experience. For more help, check https://xhr.spec.whatwg.org/.", source: https://kojima-f-s.snva.jp/js/naviplus_suggest.js (7)
[14125:259:1117/162844.496234:INFO:CONSOLE(7)] "Synchronous XMLHttpRequest on the main thread is deprecated because of its detrimental effects to the end user's experience. For more help, check https://xhr.spec.whatwg.org/.", source: https://kojima-f-s.snva.jp/js/naviplus_suggest.js (7)
[14125:259:1117/162845.703661:INFO:CONSOLE(7)] "Synchronous XMLHttpRequest on the main thread is deprecated because of its detrimental effects to the end user's experience. For more help, check https://xhr.spec.whatwg.org/.", source: https://kojima-f-s.snva.jp/js/naviplus_suggest.js (7)
[14136:18435:1117/162846.264616:WARNING:spdy_session.cc(3499)] Received HEADERS for invalid stream 7
[14125:259:1117/162846.946872:INFO:CONSOLE(7)] "Synchronous XMLHttpRequest on the main thread is deprecated because of its detrimental effects to the end user's experience. For more help, check https://xhr.spec.whatwg.org/.", source: https://kojima-f-s.snva.jp/js/naviplus_suggest.js (7)
[14125:259:1117/162848.088746:INFO:CONSOLE(7)] "Synchronous XMLHttpRequest on the main thread is deprecated because of its detrimental effects to the end user's experience. For more help, check https://xhr.spec.whatwg.org/.", source: https://kojima-f-s.snva.jp/js/naviplus_suggest.js (7)
[14125:259:1117/162851.615889:INFO:CONSOLE(7)] "Synchronous XMLHttpRequest on the main thread is deprecated because of its detrimental effects to the end user's experience. For more help, check https://xhr.spec.whatwg.org/.", source: https://kojima-f-s.snva.jp/js/naviplus_suggest.js (7)
[14125:259:1117/162853.625778:INFO:CONSOLE(63)] "A parser-blocking, cross site (i.e. different eTLD+1) script, https://www.google.com/jsapi, is invoked via document.write. The network request for this script MAY be blocked by the browser in this or a future page load due to poor network connectivity. If blocked in this page load, it will be confirmed in a subsequent console message. See https://www.chromestatus.com/feature/5718547946799104 for more details.", source: https://online.nojima.co.jp/ (63)
[14125:259:1117/162853.626433:INFO:CONSOLE(63)] "A parser-blocking, cross site (i.e. different eTLD+1) script, https://www.google.com/jsapi, is invoked via document.write. The network request for this script MAY be blocked by the browser in this or a future page load due to poor network connectivity. If blocked in this page load, it will be confirmed in a subsequent console message. See https://www.chromestatus.com/feature/5718547946799104 for more details.", source: https://online.nojima.co.jp/ (63)
[14125:259:1117/162854.405036:INFO:CONSOLE(376)] "Uncaught TypeError: Cannot read properties of null (reading 'style')", source: https://online.nojima.co.jp/ (376)
[14125:259:1117/162854.439518:INFO:CONSOLE(155)] "Uncaught Error: Module "ads.search" is not supported.", source: https://www.google.com/jsapi (155)
[14125:259:1117/162855.099654:INFO:CONSOLE(32)] "Unrecognized feature: 'conversion-measurement'.", source: https://www.googleadservices.com/pagead/conversion.js (32)
[14125:259:1117/162900.250060:INFO:CONSOLE(58)] "A parser-blocking, cross site (i.e. different eTLD+1) script, https://www.google.com/jsapi, is invoked via document.write. The network request for this script MAY be blocked by the browser in this or a future page load due to poor network connectivity. If blocked in this page load, it will be confirmed in a subsequent console message. See https://www.chromestatus.com/feature/5718547946799104 for more details.", source: https://online.nojima.co.jp/app/catalog/list/init?searchCategoryCode=0&searchMethod=0&searchWord=0 (58)
[14125:259:1117/162900.250252:INFO:CONSOLE(58)] "A parser-blocking, cross site (i.e. different eTLD+1) script, https://www.google.com/jsapi, is invoked via document.write. The network request for this script MAY be blocked by the browser in this or a future page load due to poor network connectivity. If blocked in this page load, it will be confirmed in a subsequent console message. See https://www.chromestatus.com/feature/5718547946799104 for more details.", source: https://online.nojima.co.jp/app/catalog/list/init?searchCategoryCode=0&searchMethod=0&searchWord=0 (58)
[14125:259:1117/162900.359532:INFO:CONSOLE(359)] "Uncaught TypeError: Cannot read properties of null (reading 'style')", source: https://online.nojima.co.jp/app/catalog/list/init?searchCategoryCode=0&searchMethod=0&searchWord=0 (359)
[14125:259:1117/162900.361751:INFO:CONSOLE(155)] "Uncaught Error: Module "ads.search" is not supported.", source: https://www.google.com/jsapi (155)
[14125:259:1117/162900.516848:INFO:CONSOLE(32)] "Unrecognized feature: 'conversion-measurement'.", source: https://www.googleadservices.com/pagead/conversion.js (32)
[14125:259:1117/162902.516591:INFO:CONSOLE(58)] "A parser-blocking, cross site (i.e. different eTLD+1) script, https://www.google.com/jsapi, is invoked via document.write. The network request for this script MAY be blocked by the browser in this or a future page load due to poor network connectivity. If blocked in this page load, it will be confirmed in a subsequent console message. See https://www.chromestatus.com/feature/5718547946799104 for more details.", source: https://online.nojima.co.jp/app/catalog/list/init?searchCategoryCode=0&searchMethod=0&searchWord=4988617139688 (58)
[14125:259:1117/162902.516868:INFO:CONSOLE(58)] "A parser-blocking, cross site (i.e. different eTLD+1) script, https://www.google.com/jsapi, is invoked via document.write. The network request for this script MAY be blocked by the browser in this or a future page load due to poor network connectivity. If blocked in this page load, it will be confirmed in a subsequent console message. See https://www.chromestatus.com/feature/5718547946799104 for more details.", source: https://online.nojima.co.jp/app/catalog/list/init?searchCategoryCode=0&searchMethod=0&searchWord=4988617139688 (58)
[14125:259:1117/162902.543943:INFO:CONSOLE(359)] "Uncaught TypeError: Cannot read properties of null (reading 'style')", source: https://online.nojima.co.jp/app/catalog/list/init?searchCategoryCode=0&searchMethod=0&searchWord=4988617139688 (359)
[14125:259:1117/162902.545875:INFO:CONSOLE(155)] "Uncaught Error: Module "ads.search" is not supported.", source: https://www.google.com/jsapi (155)
[14125:259:1117/162902.695353:INFO:CONSOLE(32)] "Unrecognized feature: 'conversion-measurement'.", source: https://www.googleadservices.com/pagead/conversion.js (32)
[14125:259:1117/162904.566735:INFO:CONSOLE(58)] "A parser-blocking, cross site (i.e. different eTLD+1) script, https://www.google.com/jsapi, is invoked via document.write. The network request for this script MAY be blocked by the browser in this or a future page load due to poor network connectivity. If blocked in this page load, it will be confirmed in a subsequent console message. See https://www.chromestatus.com/feature/5718547946799104 for more details.", source: https://online.nojima.co.jp/app/catalog/list/init?searchCategoryCode=0&searchMethod=0&searchWord=4549292149739 (58)
[14125:259:1117/162904.566945:INFO:CONSOLE(58)] "A parser-blocking, cross site (i.e. different eTLD+1) script, https://www.google.com/jsapi, is invoked via document.write. The network request for this script MAY be blocked by the browser in this or a future page load due to poor network connectivity. If blocked in this page load, it will be confirmed in a subsequent console message. See https://www.chromestatus.com/feature/5718547946799104 for more details.", source: https://online.nojima.co.jp/app/catalog/list/init?searchCategoryCode=0&searchMethod=0&searchWord=4549292149739 (58)
[14125:259:1117/162904.602970:INFO:CONSOLE(359)] "Uncaught TypeError: Cannot read properties of null (reading 'style')", source: https://online.nojima.co.jp/app/catalog/list/init?searchCategoryCode=0&searchMethod=0&searchWord=4549292149739 (359)
[14125:259:1117/162904.605115:INFO:CONSOLE(155)] "Uncaught Error: Module "ads.search" is not supported.", source: https://www.google.com/jsapi (155)
[14125:259:1117/162904.659167:INFO:CONSOLE(32)] "Unrecognized feature: 'conversion-measurement'.", source: https://www.googleadservices.com/pagead/conversion.js (32)
[14125:259:1117/162905.732811:INFO:CONSOLE(58)] "A parser-blocking, cross site (i.e. different eTLD+1) script, https://www.google.com/jsapi, is invoked via document.write. The network request for this script MAY be blocked by the browser in this or a future page load due to poor network connectivity. If blocked in this page load, it will be confirmed in a subsequent console message. See https://www.chromestatus.com/feature/5718547946799104 for more details.", source: https://online.nojima.co.jp/app/catalog/list/init?searchCategoryCode=0&searchMethod=0&searchWord=4549292149821 (58)
[14125:259:1117/162905.732957:INFO:CONSOLE(58)] "A parser-blocking, cross site (i.e. different eTLD+1) script, https://www.google.com/jsapi, is invoked via document.write. The network request for this script MAY be blocked by the browser in this or a future page load due to poor network connectivity. If blocked in this page load, it will be confirmed in a subsequent console message. See https://www.chromestatus.com/feature/5718547946799104 for more details.", source: https://online.nojima.co.jp/app/catalog/list/init?searchCategoryCode=0&searchMethod=0&searchWord=4549292149821 (58)
[14125:259:1117/162905.780670:INFO:CONSOLE(359)] "Uncaught TypeError: Cannot read properties of null (reading 'style')", source: https://online.nojima.co.jp/app/catalog/list/init?searchCategoryCode=0&searchMethod=0&searchWord=4549292149821 (359)
[14125:259:1117/162905.782487:INFO:CONSOLE(155)] "Uncaught Error: Module "ads.search" is not supported.", source: https://www.google.com/jsapi (155)
[14125:259:1117/162905.822969:INFO:CONSOLE(32)] "Unrecognized feature: 'conversion-measurement'.", source: https://www.googleadservices.com/pagead/conversion.js (32)
[14125:259:1117/162907.360704:INFO:CONSOLE(58)] "A parser-blocking, cross site (i.e. different eTLD+1) script, https://www.google.com/jsapi, is invoked via document.write. The network request for this script MAY be blocked by the browser in this or a future page load due to poor network connectivity. If blocked in this page load, it will be confirmed in a subsequent console message. See https://www.chromestatus.com/feature/5718547946799104 for more details.", source: https://online.nojima.co.jp/app/catalog/list/init?searchCategoryCode=0&searchMethod=0&searchWord=4580616840017 (58)
[14125:259:1117/162907.361076:INFO:CONSOLE(58)] "A parser-blocking, cross site (i.e. different eTLD+1) script, https://www.google.com/jsapi, is invoked via document.write. The network request for this script MAY be blocked by the browser in this or a future page load due to poor network connectivity. If blocked in this page load, it will be confirmed in a subsequent console message. See https://www.chromestatus.com/feature/5718547946799104 for more details.", source: https://online.nojima.co.jp/app/catalog/list/init?searchCategoryCode=0&searchMethod=0&searchWord=4580616840017 (58)
[14125:259:1117/162907.385190:INFO:CONSOLE(358)] "Uncaught TypeError: Cannot read properties of null (reading 'style')", source: https://online.nojima.co.jp/app/catalog/list/init?searchCategoryCode=0&searchMethod=0&searchWord=4580616840017 (358)
[14125:259:1117/162907.386997:INFO:CONSOLE(155)] "Uncaught Error: Module "ads.search" is not supported.", source: https://www.google.com/jsapi (155)
[14125:259:1117/162907.420527:INFO:CONSOLE(32)] "Unrecognized feature: 'conversion-measurement'.", source: https://www.googleadservices.com/pagead/conversion.js (32)
[14125:259:1117/162908.277076:INFO:CONSOLE(58)] "A parser-blocking, cross site (i.e. different eTLD+1) script, https://www.google.com/jsapi, is invoked via document.write. The network request for this script MAY be blocked by the browser in this or a future page load due to poor network connectivity. If blocked in this page load, it will be confirmed in a subsequent console message. See https://www.chromestatus.com/feature/5718547946799104 for more details.", source: https://online.nojima.co.jp/app/catalog/list/init?searchCategoryCode=0&searchMethod=0&searchWord=4988755058384 (58)
[14125:259:1117/162908.277267:INFO:CONSOLE(58)] "A parser-blocking, cross site (i.e. different eTLD+1) script, https://www.google.com/jsapi, is invoked via document.write. The network request for this script MAY be blocked by the browser in this or a future page load due to poor network connectivity. If blocked in this page load, it will be confirmed in a subsequent console message. See https://www.chromestatus.com/feature/5718547946799104 for more details.", source: https://online.nojima.co.jp/app/catalog/list/init?searchCategoryCode=0&searchMethod=0&searchWord=4988755058384 (58)
[14125:259:1117/162908.302561:INFO:CONSOLE(358)] "Uncaught TypeError: Cannot read properties of null (reading 'style')", source: https://online.nojima.co.jp/app/catalog/list/init?searchCategoryCode=0&searchMethod=0&searchWord=4988755058384 (358)
[14125:259:1117/162908.303123:INFO:CONSOLE(155)] "Uncaught Error: Module "ads.search" is not supported.", source: https://www.google.com/jsapi (155)
[14125:259:1117/162908.350518:INFO:CONSOLE(32)] "Unrecognized feature: 'conversion-measurement'.", source: https://www.googleadservices.com/pagead/conversion.js (32)
[14125:259:1117/162909.034001:INFO:CONSOLE(58)] "A parser-blocking, cross site (i.e. different eTLD+1) script, https://www.google.com/jsapi, is invoked via document.write. The network request for this script MAY be blocked by the browser in this or a future page load due to poor network connectivity. If blocked in this page load, it will be confirmed in a subsequent console message. See https://www.chromestatus.com/feature/5718547946799104 for more details.", source: https://online.nojima.co.jp/app/catalog/list/init?searchCategoryCode=0&searchMethod=0&searchWord=791405780276 (58)
[14125:259:1117/162909.034190:INFO:CONSOLE(58)] "A parser-blocking, cross site (i.e. different eTLD+1) script, https://www.google.com/jsapi, is invoked via document.write. The network request for this script MAY be blocked by the browser in this or a future page load due to poor network connectivity. If blocked in this page load, it will be confirmed in a subsequent console message. See https://www.chromestatus.com/feature/5718547946799104 for more details.", source: https://online.nojima.co.jp/app/catalog/list/init?searchCategoryCode=0&searchMethod=0&searchWord=791405780276 (58)
[14125:259:1117/162909.052370:INFO:CONSOLE(358)] "Uncaught TypeError: Cannot read properties of null (reading 'style')", source: https://online.nojima.co.jp/app/catalog/list/init?searchCategoryCode=0&searchMethod=0&searchWord=791405780276 (358)
[14125:259:1117/162909.054137:INFO:CONSOLE(155)] "Uncaught Error: Module "ads.search" is not supported.", source: https://www.google.com/jsapi (155)
[14125:259:1117/162909.087654:INFO:CONSOLE(32)] "Unrecognized feature: 'conversion-measurement'.", source: https://www.googleadservices.com/pagead/conversion.js (32)
[14125:259:1117/162909.836895:INFO:CONSOLE(58)] "A parser-blocking, cross site (i.e. different eTLD+1) script, https://www.google.com/jsapi, is invoked via document.write. The network request for this script MAY be blocked by the browser in this or a future page load due to poor network connectivity. If blocked in this page load, it will be confirmed in a subsequent console message. See https://www.chromestatus.com/feature/5718547946799104 for more details.", source: https://online.nojima.co.jp/app/catalog/list/init?searchCategoryCode=0&searchMethod=0&searchWord=4981254052488 (58)
[14125:259:1117/162909.837017:INFO:CONSOLE(58)] "A parser-blocking, cross site (i.e. different eTLD+1) script, https://www.google.com/jsapi, is invoked via document.write. The network request for this script MAY be blocked by the browser in this or a future page load due to poor network connectivity. If blocked in this page load, it will be confirmed in a subsequent console message. See https://www.chromestatus.com/feature/5718547946799104 for more details.", source: https://online.nojima.co.jp/app/catalog/list/init?searchCategoryCode=0&searchMethod=0&searchWord=4981254052488 (58)
[14125:259:1117/162909.871853:INFO:CONSOLE(358)] "Uncaught TypeError: Cannot read properties of null (reading 'style')", source: https://online.nojima.co.jp/app/catalog/list/init?searchCategoryCode=0&searchMethod=0&searchWord=4981254052488 (358)
[14125:259:1117/162909.873940:INFO:CONSOLE(155)] "Uncaught Error: Module "ads.search" is not supported.", source: https://www.google.com/jsapi (155)
[14125:259:1117/162909.946626:INFO:CONSOLE(32)] "Unrecognized feature: 'conversion-measurement'.", source: https://www.googleadservices.com/pagead/conversion.js (32)
[14125:259:1117/162912.408820:INFO:CONSOLE(58)] "A parser-blocking, cross site (i.e. different eTLD+1) script, https://www.google.com/jsapi, is invoked via document.write. The network request for this script MAY be blocked by the browser in this or a future page load due to poor network connectivity. If blocked in this page load, it will be confirmed in a subsequent console message. See https://www.chromestatus.com/feature/5718547946799104 for more details.", source: https://online.nojima.co.jp/app/catalog/list/init?searchCategoryCode=0&searchMethod=0&searchWord=0 (58)
[14125:259:1117/162912.408941:INFO:CONSOLE(58)] "A parser-blocking, cross site (i.e. different eTLD+1) script, https://www.google.com/jsapi, is invoked via document.write. The network request for this script MAY be blocked by the browser in this or a future page load due to poor network connectivity. If blocked in this page load, it will be confirmed in a subsequent console message. See https://www.chromestatus.com/feature/5718547946799104 for more details.", source: https://online.nojima.co.jp/app/catalog/list/init?searchCategoryCode=0&searchMethod=0&searchWord=0 (58)
[14125:259:1117/162912.442946:INFO:CONSOLE(359)] "Uncaught TypeError: Cannot read properties of null (reading 'style')", source: https://online.nojima.co.jp/app/catalog/list/init?searchCategoryCode=0&searchMethod=0&searchWord=0 (359)
[14125:259:1117/162912.444585:INFO:CONSOLE(155)] "Uncaught Error: Module "ads.search" is not supported.", source: https://www.google.com/jsapi (155)
[14125:259:1117/162912.536441:INFO:CONSOLE(32)] "Unrecognized feature: 'conversion-measurement'.", source: https://www.googleadservices.com/pagead/conversion.js (32)
[14125:259:1117/162913.840259:INFO:CONSOLE(58)] "A parser-blocking, cross site (i.e. different eTLD+1) script, https://www.google.com/jsapi, is invoked via document.write. The network request for this script MAY be blocked by the browser in this or a future page load due to poor network connectivity. If blocked in this page load, it will be confirmed in a subsequent console message. See https://www.chromestatus.com/feature/5718547946799104 for more details.", source: https://online.nojima.co.jp/app/catalog/list/init?searchCategoryCode=0&searchMethod=0&searchWord=4988755057660 (58)
[14125:259:1117/162913.840447:INFO:CONSOLE(58)] "A parser-blocking, cross site (i.e. different eTLD+1) script, https://www.google.com/jsapi, is invoked via document.write. The network request for this script MAY be blocked by the browser in this or a future page load due to poor network connectivity. If blocked in this page load, it will be confirmed in a subsequent console message. See https://www.chromestatus.com/feature/5718547946799104 for more details.", source: https://online.nojima.co.jp/app/catalog/list/init?searchCategoryCode=0&searchMethod=0&searchWord=4988755057660 (58)
[14125:259:1117/162913.861407:INFO:CONSOLE(358)] "Uncaught TypeError: Cannot read properties of null (reading 'style')", source: https://online.nojima.co.jp/app/catalog/list/init?searchCategoryCode=0&searchMethod=0&searchWord=4988755057660 (358)
[14125:259:1117/162913.863307:INFO:CONSOLE(155)] "Uncaught Error: Module "ads.search" is not supported.", source: https://www.google.com/jsapi (155)
[14125:259:1117/162913.906451:INFO:CONSOLE(32)] "Unrecognized feature: 'conversion-measurement'.", source: https://www.googleadservices.com/pagead/conversion.js (32)
[14125:259:1117/162915.119679:INFO:CONSOLE(658)] "A parser-blocking, cross site (i.e. different eTLD+1) script, https://aigent2.silveregg.net/suite/page?m=ksdenki&cookie=06e3ac383d3801f125c1b553c0b674fd9c4fcae68c42606ac79124fc50049cda&p=pc_top&t=1637134155108&r=, is invoked via document.write. The network request for this script MAY be blocked by the browser in this or a future page load due to poor network connectivity. If blocked in this page load, it will be confirmed in a subsequent console message. See https://www.chromestatus.com/feature/5718547946799104 for more details.", source: https://www.ksdenki.com/shop/ (658)
[14125:259:1117/162915.120610:INFO:CONSOLE(658)] "A parser-blocking, cross site (i.e. different eTLD+1) script, https://aigent2.silveregg.net/suite/page?m=ksdenki&cookie=06e3ac383d3801f125c1b553c0b674fd9c4fcae68c42606ac79124fc50049cda&p=pc_top&t=1637134155108&r=, is invoked via document.write. The network request for this script MAY be blocked by the browser in this or a future page load due to poor network connectivity. If blocked in this page load, it will be confirmed in a subsequent console message. See https://www.chromestatus.com/feature/5718547946799104 for more details.", source: https://www.ksdenki.com/shop/ (658)
[14125:259:1117/162915.605928:INFO:CONSOLE(4)] "Synchronous XMLHttpRequest on the main thread is deprecated because of its detrimental effects to the end user's experience. For more help, check https://xhr.spec.whatwg.org/.", source: https://www.ksdenki.com/lib/jquery.js (4)
[14125:259:1117/162916.784460:INFO:CONSOLE(637)] "Uncaught TypeError: Cannot read properties of null (reading 'parent')", source: https://www.ksdenki.com/lib/slick/slick.js (637)
[14125:259:1117/162929.409743:WARNING:pref_notifier_impl.cc(40)] Pref observer for media_router.cast_allow_all_ips found at shutdown.
