[14113:259:1117/162802.408032:INFO:CONSOLE(4)] "Synchronous XMLHttpRequest on the main thread is deprecated because of its detrimental effects to the end user's experience. For more help, check https://xhr.spec.whatwg.org/.", source: https://www.biccamera.com/bc/resources4/common/js/jquery.min.js (4)
[14138:19971:1117/162808.815461:WARNING:spdy_session.cc(3499)] Received HEADERS for invalid stream 1
[14113:259:1117/162818.551682:INFO:CONSOLE(11)] "The key "target-densitydpi" is not supported.", source: https://www.yamada-denkiweb.com/ (11)
[14113:259:1117/162820.298980:INFO:CONSOLE(2)] "Uncaught TypeError: Cannot read properties of undefined (reading '0')", source: https://log1.mobylog.jp/__xdtc/500527.js (2)
[14113:259:1117/162823.845752:INFO:CONSOLE(1)] "Yahoo Japan: error: {"type":"script","message":"Problem loading https://v6.advg.jp/adpv6/pv.js/4gs","tagId":471169}", source: https://s.yjtag.jp/tag.js (1)
[14113:259:1117/162825.298339:INFO:CONSOLE(11)] "The key "target-densitydpi" is not supported.", source: https://www.yamada-denkiweb.com/search/H10stand/?path=&searchbox=1 (11)
[14113:259:1117/162825.786546:INFO:CONSOLE(2)] "Uncaught TypeError: Cannot read properties of undefined (reading '0')", source: https://log1.mobylog.jp/__xdtc/500527.js (2)
[14113:259:1117/162825.986286:INFO:CONSOLE(1)] "Yahoo Japan: error: {"type":"script","message":"Problem loading https://v6.advg.jp/adpv6/pv.js/4gs","tagId":471169}", source: https://s.yjtag.jp/tag.js (1)
[14113:259:1117/162827.016738:INFO:CONSOLE(11)] "The key "target-densitydpi" is not supported.", source: https://www.yamada-denkiweb.com/search/PX-105/?path=&searchbox=1 (11)
[14113:259:1117/162827.406881:INFO:CONSOLE(2)] "Uncaught TypeError: Cannot read properties of undefined (reading '0')", source: https://log1.mobylog.jp/__xdtc/500527.js (2)
[14113:259:1117/162827.648869:INFO:CONSOLE(1)] "Yahoo Japan: error: {"type":"script","message":"Problem loading https://v6.advg.jp/adpv6/pv.js/4gs","tagId":471169}", source: https://s.yjtag.jp/tag.js (1)
[14113:259:1117/162828.494717:INFO:CONSOLE(12)] "The key "target-densitydpi" is not supported.", source: https://www.yamada-denkiweb.com/search/PIXUSTS5330BK/?path=&searchbox=1 (12)
[14113:259:1117/162828.823236:INFO:CONSOLE(2)] "Uncaught TypeError: Cannot read properties of undefined (reading '0')", source: https://log1.mobylog.jp/__xdtc/500527.js (2)
[14113:259:1117/162829.300470:INFO:CONSOLE(1)] "Yahoo Japan: error: {"type":"script","message":"Problem loading https://v6.advg.jp/adpv6/pv.js/4gs","tagId":471169}", source: https://s.yjtag.jp/tag.js (1)
[14113:259:1117/162829.925445:INFO:CONSOLE(11)] "The key "target-densitydpi" is not supported.", source: https://www.yamada-denkiweb.com/search/PIXUSTS5330WH/?path=&searchbox=1 (11)
[14113:259:1117/162830.058491:INFO:CONSOLE(3)] "dataLayer[0].google_tag_params.user_id TypeError: Cannot read properties of undefined (reading 'user_id')", source:  (3)
[14113:259:1117/162830.122298:INFO:CONSOLE(2)] "Uncaught TypeError: Cannot read properties of undefined (reading '0')", source: https://log1.mobylog.jp/__xdtc/500527.js (2)
[14113:259:1117/162831.526225:INFO:CONSOLE(11)] "The key "target-densitydpi" is not supported.", source: https://www.yamada-denkiweb.com/search/GG-RTX2060-E6GB%20DF2/?path=&searchbox=1 (11)
[14113:259:1117/162831.641045:INFO:CONSOLE(3)] "dataLayer[0].google_tag_params.user_id TypeError: Cannot read properties of undefined (reading 'user_id')", source:  (3)
[14113:259:1117/162831.805717:INFO:CONSOLE(2)] "Uncaught TypeError: Cannot read properties of undefined (reading '0')", source: https://log1.mobylog.jp/__xdtc/500527.js (2)
[14113:259:1117/162847.540337:INFO:CONSOLE(11)] "The key "target-densitydpi" is not supported.", source: https://www.yamada-denkiweb.com/search/WEX-733DHP%20N/?path=&searchbox=1 (11)
[14113:259:1117/162848.738032:INFO:CONSOLE(2)] "Uncaught TypeError: Cannot read properties of undefined (reading '0')", source: https://log1.mobylog.jp/__xdtc/500527.js (2)
[14113:259:1117/162848.919427:INFO:CONSOLE(1)] "Yahoo Japan: error: {"type":"script","message":"Problem loading https://v6.advg.jp/adpv6/pv.js/4gs","tagId":471169}", source: https://s.yjtag.jp/tag.js (1)
[14113:259:1117/162849.760928:INFO:CONSOLE(11)] "The key "target-densitydpi" is not supported.", source: https://www.yamada-denkiweb.com/search/GG-RTX3060-E12GB%20OC%20DF/?path=&searchbox=1 (11)
[14113:259:1117/162849.900335:INFO:CONSOLE(3)] "dataLayer[0].google_tag_params.user_id TypeError: Cannot read properties of undefined (reading 'user_id')", source:  (3)
[14113:259:1117/162850.550544:INFO:CONSOLE(2)] "Uncaught TypeError: Cannot read properties of undefined (reading '0')", source: https://log1.mobylog.jp/__xdtc/500527.js (2)
[14113:259:1117/162909.824882:WARNING:pref_notifier_impl.cc(40)] Pref observer for media_router.cast_allow_all_ips found at shutdown.
