[30152:259:1130/165340.004878:INFO:CONSOLE(11)] "The key "target-densitydpi" is not supported.", source: https://www.yamada-denkiweb.com/ (11)
[30152:259:1130/165341.863997:INFO:CONSOLE(2)] "Uncaught TypeError: Cannot read properties of undefined (reading '0')", source: https://log1.mobylog.jp/__xdtc/500527.js (2)
[30152:259:1130/165345.622018:INFO:CONSOLE(1)] "Yahoo Japan: error: {"type":"script","message":"Problem loading https://v6.advg.jp/adpv6/pv.js/4gs","tagId":471169}", source: https://s.yjtag.jp/tag.js (1)
[30152:259:1130/165346.993162:INFO:CONSOLE(11)] "The key "target-densitydpi" is not supported.", source: https://www.yamada-denkiweb.com/search/H135/?path=&searchbox=1 (11)
[30152:259:1130/165347.275537:INFO:CONSOLE(2)] "Uncaught TypeError: Cannot read properties of undefined (reading '0')", source: https://log1.mobylog.jp/__xdtc/500527.js (2)
[30152:259:1130/165347.892118:INFO:CONSOLE(1)] "Yahoo Japan: error: {"type":"script","message":"Problem loading https://v6.advg.jp/adpv6/pv.js/4gs","tagId":471169}", source: https://s.yjtag.jp/tag.js (1)
[30152:30211:1130/165354.475532:ERROR:chrome_browser_main_extra_parts_metrics.cc(226)] crbug.com/1216328: Checking Bluetooth availability started. Please report if there is no report that this ends.
[30152:30211:1130/165354.476865:ERROR:chrome_browser_main_extra_parts_metrics.cc(229)] crbug.com/1216328: Checking Bluetooth availability ended.
[30152:30211:1130/165354.476931:ERROR:chrome_browser_main_extra_parts_metrics.cc(232)] crbug.com/1216328: Checking default browser status started. Please report if there is no report that this ends.
[30152:30211:1130/165354.477564:ERROR:chrome_browser_main_extra_parts_metrics.cc(236)] crbug.com/1216328: Checking default browser status ended.
[30152:259:1130/165354.824318:INFO:CONSOLE(1)] "Uncaught (in promise) FirebaseError: Messaging: The notification permission was not granted and blocked instead. (messaging/permission-blocked).", source: https://www.gstatic.com/firebasejs/8.6.8/firebase-messaging.js (1)
[30152:259:1130/165405.084643:INFO:CONSOLE(11)] "The key "target-densitydpi" is not supported.", source: https://www.yamada-denkiweb.com/search/123td/?path=&searchbox=1 (11)
[30152:259:1130/165405.869826:INFO:CONSOLE(2)] "Uncaught TypeError: Cannot read properties of undefined (reading '0')", source: https://log1.mobylog.jp/__xdtc/500527.js (2)
[30152:259:1130/165406.409668:INFO:CONSOLE(1)] "Yahoo Japan: error: {"type":"script","message":"Problem loading https://v6.advg.jp/adpv6/pv.js/4gs","tagId":471169}", source: https://s.yjtag.jp/tag.js (1)
[30152:259:1130/165408.531040:INFO:CONSOLE(11)] "The key "target-densitydpi" is not supported.", source: https://www.yamada-denkiweb.com/search/21163/?path=&searchbox=1 (11)
[30152:259:1130/165408.769417:INFO:CONSOLE(2)] "Uncaught TypeError: Cannot read properties of undefined (reading '0')", source: https://log1.mobylog.jp/__xdtc/500527.js (2)
[30152:259:1130/165408.929608:INFO:CONSOLE(1)] "Yahoo Japan: error: {"type":"script","message":"Problem loading https://v6.advg.jp/adpv6/pv.js/4gs","tagId":471169}", source: https://s.yjtag.jp/tag.js (1)
[30152:259:1130/165410.752963:INFO:CONSOLE(11)] "The key "target-densitydpi" is not supported.", source: https://www.yamada-denkiweb.com/search/CBJ83/?path=&searchbox=1 (11)
[30152:259:1130/165410.934985:INFO:CONSOLE(3)] "dataLayer[0].google_tag_params.user_id TypeError: Cannot read properties of undefined (reading 'user_id')", source:  (3)
[30152:259:1130/165410.950238:INFO:CONSOLE(2)] "Uncaught TypeError: Cannot read properties of undefined (reading '0')", source: https://log1.mobylog.jp/__xdtc/500527.js (2)
[30172:19203:1130/165420.348272:WARNING:spdy_session.cc(3501)] Received HEADERS for invalid stream 9
[30172:19203:1130/165420.380514:WARNING:spdy_session.cc(3501)] Received HEADERS for invalid stream 5
[30152:259:1130/165420.451519:INFO:CONSOLE(11)] "The key "target-densitydpi" is not supported.", source: https://www.yamada-denkiweb.com/ (11)
[30172:19203:1130/165420.580443:WARNING:spdy_session.cc(3501)] Received HEADERS for invalid stream 7
[30152:259:1130/165421.907744:INFO:CONSOLE(2)] "Uncaught TypeError: Cannot read properties of undefined (reading '0')", source: https://log1.mobylog.jp/__xdtc/500527.js (2)
[30152:259:1130/165422.529719:INFO:CONSOLE(1)] "Yahoo Japan: error: {"type":"script","message":"Problem loading https://v6.advg.jp/adpv6/pv.js/4gs","tagId":471169}", source: https://s.yjtag.jp/tag.js (1)
[30152:259:1130/165726.518869:WARNING:pref_notifier_impl.cc(40)] Pref observer for media_router.cast_allow_all_ips found at shutdown.
